#
# There is insufficient memory for the Java Runtime Environment to continue.
# Native memory allocation (malloc) failed to allocate 1716176 bytes for Chunk::new
# Possible reasons:
#   The system is out of physical RAM or swap space
#   The process is running with CompressedOops enabled, and the Java Heap may be blocking the growth of the native heap
# Possible solutions:
#   Reduce memory load on the system
#   Increase physical memory or swap space
#   Check if swap backing store is full
#   Decrease Java heap size (-Xmx/-Xms)
#   Decrease number of Java threads
#   Decrease Java thread stack sizes (-Xss)
#   Set larger code cache with -XX:ReservedCodeCacheSize=
#   JVM is running with Unscaled Compressed Oops mode in which the Java heap is
#     placed in the first 4GB address space. The Java Heap base address is the
#     maximum limit for the native heap growth. Please use -XX:HeapBaseMinAddress
#     to set the Java Heap base and to place the Java Heap above 4GB virtual address.
# This output file may be truncated or incomplete.
#
#  Out of Memory Error (arena.cpp:189), pid=9644, tid=22912
#
# JRE version: OpenJDK Runtime Environment (17.0.6) (build 17.0.6+0-b2043.56-10027231)
# Java VM: OpenJDK 64-Bit Server VM (17.0.6+0-b2043.56-10027231, mixed mode, tiered, compressed oops, compressed class ptrs, g1 gc, windows-amd64)
# No core dump will be written. Minidumps are not enabled by default on client versions of Windows
#

---------------  S U M M A R Y ------------

Command Line: --add-opens=java.base/java.util=ALL-UNNAMED --add-opens=java.base/java.lang=ALL-UNNAMED --add-opens=java.base/java.lang.invoke=ALL-UNNAMED --add-opens=java.prefs/java.util.prefs=ALL-UNNAMED --add-opens=java.base/java.nio.charset=ALL-UNNAMED --add-opens=java.base/java.net=ALL-UNNAMED --add-opens=java.base/java.util.concurrent.atomic=ALL-UNNAMED -Xmx2048m -Dfile.encoding=UTF-8 -Duser.country=US -Duser.language=en -Duser.variant org.gradle.launcher.daemon.bootstrap.GradleDaemon 8.0

Host: Intel(R) Core(TM) i5-7200U CPU @ 2.50GHz, 4 cores, 15G,  Windows 11 , 64 bit Build 22000 (10.0.22000.2360)
Time: Tue Oct 10 15:48:22 2023 Myanmar Standard Time elapsed time: 47.068563 seconds (0d 0h 0m 47s)

---------------  T H R E A D  ---------------

Current thread (0x000001ce4402a070):  JavaThread "C2 CompilerThread0" daemon [_thread_in_native, id=22912, stack(0x0000002b73a00000,0x0000002b73b00000)]


Current CompileTask:
C2:  47068 12268       4       com.sun.tools.javac.jvm.PoolReader::resolve (344 bytes)

Stack: [0x0000002b73a00000,0x0000002b73b00000]
Native frames: (J=compiled Java code, j=interpreted, Vv=VM code, C=native code)
V  [jvm.dll+0x683c9a]
V  [jvm.dll+0x8427a4]
V  [jvm.dll+0x843f9e]
V  [jvm.dll+0x844603]
V  [jvm.dll+0x249b75]
V  [jvm.dll+0xabcac]
V  [jvm.dll+0xac27c]
V  [jvm.dll+0x368802]
V  [jvm.dll+0x332f31]
V  [jvm.dll+0x3323da]
V  [jvm.dll+0x21c201]
V  [jvm.dll+0x21b621]
V  [jvm.dll+0x1a4fdd]
V  [jvm.dll+0x22b098]
V  [jvm.dll+0x229159]
V  [jvm.dll+0x7f81ec]
V  [jvm.dll+0x7f274a]
V  [jvm.dll+0x682ad5]
C  [ucrtbase.dll+0x26c0c]
C  [KERNEL32.DLL+0x153e0]
C  [ntdll.dll+0x485b]


---------------  P R O C E S S  ---------------

Threads class SMR info:
_java_thread_list=0x000001ce4cb15d30, length=93, elements={
0x000001ce29eab1f0, 0x000001ce4403e260, 0x000001ce434a2050, 0x000001ce440266c0,
0x000001ce44027240, 0x000001ce44028b10, 0x000001ce440293d0, 0x000001ce4402a070,
0x000001ce4402aa20, 0x000001ce440c5660, 0x000001ce441ff760, 0x000001ce442060c0,
0x000001ce45125110, 0x000001ce4513ff90, 0x000001ce44c6c0a0, 0x000001ce45181ac0,
0x000001ce46cdd690, 0x000001ce47279790, 0x000001ce46ba92d0, 0x000001ce451da890,
0x000001ce451d9080, 0x000001ce451d9550, 0x000001ce451d9a20, 0x000001ce451d9ef0,
0x000001ce46bfa8c0, 0x000001ce46bf9580, 0x000001ce46bfc0d0, 0x000001ce46bfb260,
0x000001ce46bf8240, 0x000001ce46bf8710, 0x000001ce46bf8be0, 0x000001ce46bfd410,
0x000001ce46bf9f20, 0x000001ce46bf9a50, 0x000001ce46bfe280, 0x000001ce46bfbc00,
0x000001ce46bfe750, 0x000001ce46bf7d70, 0x000001ce46bfc5a0, 0x000001ce46bfd8e0,
0x000001ce46bf78a0, 0x000001ce47f84a40, 0x000001ce47f858b0, 0x000001ce47f7f870,
0x000001ce47f7f3a0, 0x000001ce47f840a0, 0x000001ce47f7e060, 0x000001ce47f83700,
0x000001ce47f7e530, 0x000001ce47f82890, 0x000001ce47f823c0, 0x000001ce47f82d60,
0x000001ce47f83bd0, 0x000001ce47f84570, 0x000001ce47f7eed0, 0x000001ce47f81080,
0x000001ce47f83230, 0x000001ce47f84f10, 0x000001ce47f7fd40, 0x000001ce47f80210,
0x000001ce47f853e0, 0x000001ce47f7ea00, 0x000001ce47f806e0, 0x000001ce47f80bb0,
0x000001ce47f81550, 0x000001ce47f81a20, 0x000001ce47f81ef0, 0x000001ce46f42360,
0x000001ce46f42d00, 0x000001ce46f48870, 0x000001ce46f44eb0, 0x000001ce46f436a0,
0x000001ce46f483a0, 0x000001ce46f42830, 0x000001ce46f45850, 0x000001ce46f496e0,
0x000001ce46f45d20, 0x000001ce46f431d0, 0x000001ce46f45380, 0x000001ce46f41e90,
0x000001ce46f47ed0, 0x000001ce46f461f0, 0x000001ce47700d30, 0x000001ce477046f0,
0x000001ce47704bc0, 0x000001ce47701ba0, 0x000001ce47700390, 0x000001ce4c3a80c0,
0x000001ce46a34340, 0x000001ce46a339a0, 0x000001ce46a334d0, 0x000001ce46a33e70,
0x000001ce47c76460
}

Java Threads: ( => current thread )
  0x000001ce29eab1f0 JavaThread "main" [_thread_blocked, id=1328, stack(0x0000002b72c00000,0x0000002b72d00000)]
  0x000001ce4403e260 JavaThread "Reference Handler" daemon [_thread_blocked, id=7556, stack(0x0000002b73400000,0x0000002b73500000)]
  0x000001ce434a2050 JavaThread "Finalizer" daemon [_thread_blocked, id=12372, stack(0x0000002b73500000,0x0000002b73600000)]
  0x000001ce440266c0 JavaThread "Signal Dispatcher" daemon [_thread_blocked, id=4420, stack(0x0000002b73600000,0x0000002b73700000)]
  0x000001ce44027240 JavaThread "Attach Listener" daemon [_thread_blocked, id=16992, stack(0x0000002b73700000,0x0000002b73800000)]
  0x000001ce44028b10 JavaThread "Service Thread" daemon [_thread_blocked, id=7872, stack(0x0000002b73800000,0x0000002b73900000)]
  0x000001ce440293d0 JavaThread "Monitor Deflation Thread" daemon [_thread_blocked, id=19452, stack(0x0000002b73900000,0x0000002b73a00000)]
=>0x000001ce4402a070 JavaThread "C2 CompilerThread0" daemon [_thread_in_native, id=22912, stack(0x0000002b73a00000,0x0000002b73b00000)]
  0x000001ce4402aa20 JavaThread "C1 CompilerThread0" daemon [_thread_blocked, id=20124, stack(0x0000002b73b00000,0x0000002b73c00000)]
  0x000001ce440c5660 JavaThread "Sweeper thread" daemon [_thread_blocked, id=8496, stack(0x0000002b73c00000,0x0000002b73d00000)]
  0x000001ce441ff760 JavaThread "Common-Cleaner" daemon [_thread_blocked, id=24072, stack(0x0000002b73d00000,0x0000002b73e00000)]
  0x000001ce442060c0 JavaThread "Notification Thread" daemon [_thread_blocked, id=2856, stack(0x0000002b73e00000,0x0000002b73f00000)]
  0x000001ce45125110 JavaThread "Daemon health stats" [_thread_blocked, id=8908, stack(0x0000002b74400000,0x0000002b74500000)]
  0x000001ce4513ff90 JavaThread "Incoming local TCP Connector on port 64764" [_thread_in_native, id=10728, stack(0x0000002b74500000,0x0000002b74600000)]
  0x000001ce44c6c0a0 JavaThread "Daemon periodic checks" [_thread_blocked, id=19816, stack(0x0000002b74600000,0x0000002b74700000)]
  0x000001ce45181ac0 JavaThread "Daemon" [_thread_blocked, id=24084, stack(0x0000002b74700000,0x0000002b74800000)]
  0x000001ce46cdd690 JavaThread "Handler for socket connection from /127.0.0.1:64764 to /127.0.0.1:64765" [_thread_in_native, id=15128, stack(0x0000002b74800000,0x0000002b74900000)]
  0x000001ce47279790 JavaThread "Cancel handler" [_thread_blocked, id=14592, stack(0x0000002b74900000,0x0000002b74a00000)]
  0x000001ce46ba92d0 JavaThread "Daemon worker" [_thread_blocked, id=22060, stack(0x0000002b74a00000,0x0000002b74b00000)]
  0x000001ce451da890 JavaThread "Asynchronous log dispatcher for DefaultDaemonConnection: socket connection from /127.0.0.1:64764 to /127.0.0.1:64765" [_thread_blocked, id=9800, stack(0x0000002b74b00000,0x0000002b74c00000)]
  0x000001ce451d9080 JavaThread "Stdin handler" [_thread_blocked, id=11852, stack(0x0000002b74c00000,0x0000002b74d00000)]
  0x000001ce451d9550 JavaThread "Daemon client event forwarder" [_thread_blocked, id=14624, stack(0x0000002b74d00000,0x0000002b74e00000)]
  0x000001ce451d9a20 JavaThread "Cache worker for journal cache (C:\Users\user\Desktop\Java\FindTrails\app\caches\journal-1)" [_thread_blocked, id=21484, stack(0x0000002b74000000,0x0000002b74100000)]
  0x000001ce451d9ef0 JavaThread "File lock request listener" [_thread_in_native, id=20912, stack(0x0000002b74e00000,0x0000002b74f00000)]
  0x000001ce46bfa8c0 JavaThread "Cache worker for file hash cache (C:\Users\user\Desktop\Java\FindTrails\app\caches\8.0\fileHashes)" [_thread_blocked, id=21536, stack(0x0000002b74f00000,0x0000002b75000000)]
  0x000001ce46bf9580 JavaThread "File watcher server" daemon [_thread_in_native, id=9520, stack(0x0000002b75100000,0x0000002b75200000)]
  0x000001ce46bfc0d0 JavaThread "File watcher consumer" daemon [_thread_blocked, id=9984, stack(0x0000002b75200000,0x0000002b75300000)]
  0x000001ce46bfb260 JavaThread "Cache worker for checksums cache (C:\Users\user\Desktop\Java\mhike\.gradle\8.0\checksums)" [_thread_blocked, id=7552, stack(0x0000002b75300000,0x0000002b75400000)]
  0x000001ce46bf8240 JavaThread "Cache worker for cache directory md-rule (C:\Users\user\Desktop\Java\FindTrails\app\caches\8.0\md-rule)" [_thread_blocked, id=9260, stack(0x0000002b75400000,0x0000002b75500000)]
  0x000001ce46bf8710 JavaThread "Cache worker for file content cache (C:\Users\user\Desktop\Java\FindTrails\app\caches\8.0\fileContent)" [_thread_blocked, id=2408, stack(0x0000002b75500000,0x0000002b75600000)]
  0x000001ce46bf8be0 JavaThread "Cache worker for file hash cache (C:\Users\user\Desktop\Java\mhike\.gradle\8.0\fileHashes)" [_thread_blocked, id=18556, stack(0x0000002b75000000,0x0000002b75100000)]
  0x000001ce46bfd410 JavaThread "Cache worker for cache directory md-supplier (C:\Users\user\Desktop\Java\FindTrails\app\caches\8.0\md-supplier)" [_thread_blocked, id=13488, stack(0x0000002b75600000,0x0000002b75700000)]
  0x000001ce46bf9f20 JavaThread "Cache worker for execution history cache (C:\Users\user\Desktop\Java\FindTrails\app\caches\8.0\executionHistory)" [_thread_blocked, id=22868, stack(0x0000002b75700000,0x0000002b75800000)]
  0x000001ce46bf9a50 JavaThread "jar transforms" [_thread_blocked, id=18456, stack(0x0000002b75900000,0x0000002b75a00000)]
  0x000001ce46bfe280 JavaThread "jar transforms Thread 2" [_thread_blocked, id=21592, stack(0x0000002b75a00000,0x0000002b75b00000)]
  0x000001ce46bfbc00 JavaThread "Cache worker for kotlin-dsl (C:\Users\user\Desktop\Java\FindTrails\app\caches\8.0\kotlin-dsl)" [_thread_blocked, id=18552, stack(0x0000002b75c00000,0x0000002b75d00000)]
  0x000001ce46bfe750 JavaThread "jar transforms Thread 3" [_thread_blocked, id=3588, stack(0x0000002b75800000,0x0000002b75900000)]
  0x000001ce46bf7d70 JavaThread "jar transforms Thread 4" [_thread_blocked, id=900, stack(0x0000002b75e00000,0x0000002b75f00000)]
  0x000001ce46bfc5a0 JavaThread "Cache worker for dependencies-accessors (C:\Users\user\Desktop\Java\mhike\.gradle\8.0\dependencies-accessors)" [_thread_blocked, id=14756, stack(0x0000002b75f00000,0x0000002b76000000)]
  0x000001ce46bfd8e0 JavaThread "Cache worker for Build Output Cleanup Cache (C:\Users\user\Desktop\Java\mhike\.gradle\buildOutputCleanup)" [_thread_blocked, id=19504, stack(0x0000002b76000000,0x0000002b76100000)]
  0x000001ce46bf78a0 JavaThread "Unconstrained build operations" [_thread_blocked, id=7304, stack(0x0000002b76200000,0x0000002b76300000)]
  0x000001ce47f84a40 JavaThread "Unconstrained build operations Thread 2" [_thread_blocked, id=8900, stack(0x0000002b76300000,0x0000002b76400000)]
  0x000001ce47f858b0 JavaThread "Unconstrained build operations Thread 3" [_thread_blocked, id=20040, stack(0x0000002b76400000,0x0000002b76500000)]
  0x000001ce47f7f870 JavaThread "Unconstrained build operations Thread 4" [_thread_blocked, id=13200, stack(0x0000002b76500000,0x0000002b76600000)]
  0x000001ce47f7f3a0 JavaThread "Unconstrained build operations Thread 5" [_thread_blocked, id=21256, stack(0x0000002b76600000,0x0000002b76700000)]
  0x000001ce47f840a0 JavaThread "Unconstrained build operations Thread 6" [_thread_blocked, id=19108, stack(0x0000002b76700000,0x0000002b76800000)]
  0x000001ce47f7e060 JavaThread "Unconstrained build operations Thread 7" [_thread_blocked, id=11064, stack(0x0000002b76800000,0x0000002b76900000)]
  0x000001ce47f83700 JavaThread "Unconstrained build operations Thread 8" [_thread_blocked, id=11100, stack(0x0000002b76900000,0x0000002b76a00000)]
  0x000001ce47f7e530 JavaThread "Unconstrained build operations Thread 9" [_thread_blocked, id=15396, stack(0x0000002b76a00000,0x0000002b76b00000)]
  0x000001ce47f82890 JavaThread "Unconstrained build operations Thread 10" [_thread_blocked, id=17592, stack(0x0000002b76b00000,0x0000002b76c00000)]
  0x000001ce47f823c0 JavaThread "Unconstrained build operations Thread 11" [_thread_blocked, id=1872, stack(0x0000002b76c00000,0x0000002b76d00000)]
  0x000001ce47f82d60 JavaThread "Unconstrained build operations Thread 12" [_thread_blocked, id=24276, stack(0x0000002b76d00000,0x0000002b76e00000)]
  0x000001ce47f83bd0 JavaThread "Unconstrained build operations Thread 13" [_thread_blocked, id=24412, stack(0x0000002b76e00000,0x0000002b76f00000)]
  0x000001ce47f84570 JavaThread "Unconstrained build operations Thread 14" [_thread_blocked, id=9560, stack(0x0000002b76f00000,0x0000002b77000000)]
  0x000001ce47f7eed0 JavaThread "Unconstrained build operations Thread 15" [_thread_blocked, id=22260, stack(0x0000002b77000000,0x0000002b77100000)]
  0x000001ce47f81080 JavaThread "Unconstrained build operations Thread 16" [_thread_blocked, id=7228, stack(0x0000002b77100000,0x0000002b77200000)]
  0x000001ce47f83230 JavaThread "Unconstrained build operations Thread 17" [_thread_blocked, id=19424, stack(0x0000002b77200000,0x0000002b77300000)]
  0x000001ce47f84f10 JavaThread "Unconstrained build operations Thread 18" [_thread_blocked, id=10000, stack(0x0000002b77300000,0x0000002b77400000)]
  0x000001ce47f7fd40 JavaThread "Unconstrained build operations Thread 19" [_thread_blocked, id=17008, stack(0x0000002b77400000,0x0000002b77500000)]
  0x000001ce47f80210 JavaThread "Unconstrained build operations Thread 20" [_thread_blocked, id=13480, stack(0x0000002b77500000,0x0000002b77600000)]
  0x000001ce47f853e0 JavaThread "Unconstrained build operations Thread 21" [_thread_blocked, id=14224, stack(0x0000002b77600000,0x0000002b77700000)]
  0x000001ce47f7ea00 JavaThread "Unconstrained build operations Thread 22" [_thread_blocked, id=12648, stack(0x0000002b77700000,0x0000002b77800000)]
  0x000001ce47f806e0 JavaThread "Unconstrained build operations Thread 23" [_thread_blocked, id=21580, stack(0x0000002b77800000,0x0000002b77900000)]
  0x000001ce47f80bb0 JavaThread "Unconstrained build operations Thread 24" [_thread_blocked, id=5256, stack(0x0000002b77900000,0x0000002b77a00000)]
  0x000001ce47f81550 JavaThread "Unconstrained build operations Thread 25" [_thread_blocked, id=24360, stack(0x0000002b77a00000,0x0000002b77b00000)]
  0x000001ce47f81a20 JavaThread "Unconstrained build operations Thread 26" [_thread_blocked, id=19128, stack(0x0000002b77b00000,0x0000002b77c00000)]
  0x000001ce47f81ef0 JavaThread "Unconstrained build operations Thread 27" [_thread_blocked, id=14692, stack(0x0000002b77c00000,0x0000002b77d00000)]
  0x000001ce46f42360 JavaThread "Unconstrained build operations Thread 28" [_thread_blocked, id=14656, stack(0x0000002b77d00000,0x0000002b77e00000)]
  0x000001ce46f42d00 JavaThread "Unconstrained build operations Thread 29" [_thread_blocked, id=9744, stack(0x0000002b77e00000,0x0000002b77f00000)]
  0x000001ce46f48870 JavaThread "Unconstrained build operations Thread 30" [_thread_blocked, id=14472, stack(0x0000002b77f00000,0x0000002b78000000)]
  0x000001ce46f44eb0 JavaThread "Unconstrained build operations Thread 31" [_thread_blocked, id=20808, stack(0x0000002b78000000,0x0000002b78100000)]
  0x000001ce46f436a0 JavaThread "Unconstrained build operations Thread 32" [_thread_blocked, id=18360, stack(0x0000002b78100000,0x0000002b78200000)]
  0x000001ce46f483a0 JavaThread "Unconstrained build operations Thread 33" [_thread_blocked, id=10820, stack(0x0000002b78200000,0x0000002b78300000)]
  0x000001ce46f42830 JavaThread "Unconstrained build operations Thread 34" [_thread_blocked, id=12692, stack(0x0000002b78300000,0x0000002b78400000)]
  0x000001ce46f45850 JavaThread "Unconstrained build operations Thread 35" [_thread_blocked, id=18720, stack(0x0000002b78400000,0x0000002b78500000)]
  0x000001ce46f496e0 JavaThread "Unconstrained build operations Thread 36" [_thread_blocked, id=19196, stack(0x0000002b78500000,0x0000002b78600000)]
  0x000001ce46f45d20 JavaThread "Unconstrained build operations Thread 37" [_thread_blocked, id=4436, stack(0x0000002b78600000,0x0000002b78700000)]
  0x000001ce46f431d0 JavaThread "Unconstrained build operations Thread 38" [_thread_blocked, id=22596, stack(0x0000002b78700000,0x0000002b78800000)]
  0x000001ce46f45380 JavaThread "Unconstrained build operations Thread 39" [_thread_blocked, id=15596, stack(0x0000002b78800000,0x0000002b78900000)]
  0x000001ce46f41e90 JavaThread "Unconstrained build operations Thread 40" [_thread_blocked, id=18788, stack(0x0000002b78900000,0x0000002b78a00000)]
  0x000001ce46f47ed0 JavaThread "build event listener" [_thread_blocked, id=18636, stack(0x0000002b75d00000,0x0000002b75e00000)]
  0x000001ce46f461f0 JavaThread "Memory manager" [_thread_blocked, id=20588, stack(0x0000002b78b00000,0x0000002b78c00000)]
  0x000001ce47700d30 JavaThread "included builds" [_thread_in_Java, id=8612, stack(0x0000002b78c00000,0x0000002b78d00000)]
  0x000001ce477046f0 JavaThread "Execution worker" [_thread_blocked, id=12448, stack(0x0000002b78d00000,0x0000002b78e00000)]
  0x000001ce47704bc0 JavaThread "Execution worker Thread 2" [_thread_blocked, id=8776, stack(0x0000002b78e00000,0x0000002b78f00000)]
  0x000001ce47701ba0 JavaThread "Execution worker Thread 3" [_thread_blocked, id=22196, stack(0x0000002b78f00000,0x0000002b79000000)]
  0x000001ce47700390 JavaThread "Cache worker for execution history cache (C:\Users\user\Desktop\Java\mhike\.gradle\8.0\executionHistory)" [_thread_blocked, id=10980, stack(0x0000002b78a00000,0x0000002b78b00000)]
  0x000001ce4c3a80c0 JavaThread "Cache worker for Java compile cache (C:\Users\user\Desktop\Java\FindTrails\app\caches\8.0\javaCompile)" [_thread_blocked, id=10884, stack(0x0000002b79100000,0x0000002b79200000)]
  0x000001ce46a34340 JavaThread "Build operations" [_thread_blocked, id=24128, stack(0x0000002b79400000,0x0000002b79500000)]
  0x000001ce46a339a0 JavaThread "Build operations Thread 2" [_thread_blocked, id=19584, stack(0x0000002b79500000,0x0000002b79600000)]
  0x000001ce46a334d0 JavaThread "Build operations Thread 3" [_thread_blocked, id=23144, stack(0x0000002b79600000,0x0000002b79700000)]
  0x000001ce46a33e70 JavaThread "Build operations Thread 4" [_thread_blocked, id=2768, stack(0x0000002b79700000,0x0000002b79800000)]
  0x000001ce47c76460 JavaThread "C2 CompilerThread1" daemon [_thread_in_native, id=6692, stack(0x0000002b79800000,0x0000002b79900000)]

Other Threads:
  0x000001ce434a0e10 VMThread "VM Thread" [stack: 0x0000002b73300000,0x0000002b73400000] [id=16524]
  0x000001ce44121a20 WatcherThread [stack: 0x0000002b73f00000,0x0000002b74000000] [id=22948]
  0x000001ce29f08730 GCTaskThread "GC Thread#0" [stack: 0x0000002b72e00000,0x0000002b72f00000] [id=19208]
  0x000001ce44533570 GCTaskThread "GC Thread#1" [stack: 0x0000002b74100000,0x0000002b74200000] [id=17748]
  0x000001ce446cf020 GCTaskThread "GC Thread#2" [stack: 0x0000002b74200000,0x0000002b74300000] [id=15780]
  0x000001ce446b6270 GCTaskThread "GC Thread#3" [stack: 0x0000002b74300000,0x0000002b74400000] [id=23168]
  0x000001ce29f19580 ConcurrentGCThread "G1 Main Marker" [stack: 0x0000002b72f00000,0x0000002b73000000] [id=4332]
  0x000001ce29f19ea0 ConcurrentGCThread "G1 Conc#0" [stack: 0x0000002b73000000,0x0000002b73100000] [id=11764]
  0x000001ce29f7ec50 ConcurrentGCThread "G1 Refine#0" [stack: 0x0000002b73100000,0x0000002b73200000] [id=16040]
  0x000001ce46a4bf30 ConcurrentGCThread "G1 Refine#1" [stack: 0x0000002b75b00000,0x0000002b75c00000] [id=22924]
  0x000001ce499b8dd0 ConcurrentGCThread "G1 Refine#2" [stack: 0x0000002b79000000,0x0000002b79100000] [id=8592]
  0x000001ce43314bb0 ConcurrentGCThread "G1 Service" [stack: 0x0000002b73200000,0x0000002b73300000] [id=23072]

Threads with active compile tasks:
C2 CompilerThread0    47167 12268       4       com.sun.tools.javac.jvm.PoolReader::resolve (344 bytes)
C2 CompilerThread1    47168 12329       4       jdk.nio.zipfs.ZipFileSystemProvider::readAttributes (9 bytes)

VM state: not at safepoint (normal execution)

VM Mutex/Monitor currently owned by a thread: None

Heap address: 0x0000000080000000, size: 2048 MB, Compressed Oops mode: 32-bit

CDS archive(s) not mapped
Compressed class space mapped at: 0x0000000100000000-0x0000000140000000, reserved size: 1073741824
Narrow klass base: 0x0000000000000000, Narrow klass shift: 3, Narrow klass range: 0x140000000

GC Precious Log:
 CPUs: 4 total, 4 available
 Memory: 16278M
 Large Page Support: Disabled
 NUMA Support: Disabled
 Compressed Oops: Enabled (32-bit)
 Heap Region Size: 1M
 Heap Min Capacity: 8M
 Heap Initial Capacity: 256M
 Heap Max Capacity: 2G
 Pre-touch: Disabled
 Parallel Workers: 4
 Concurrent Workers: 1
 Concurrent Refinement Workers: 4
 Periodic GC: Disabled

Heap:
 garbage-first heap   total 148480K, used 102995K [0x0000000080000000, 0x0000000100000000)
  region size 1024K, 10 young (10240K), 5 survivors (5120K)
 Metaspace       used 105551K, committed 106240K, reserved 1146880K
  class space    used 14209K, committed 14528K, reserved 1048576K

Heap Regions: E=young(eden), S=young(survivor), O=old, HS=humongous(starts), HC=humongous(continues), CS=collection set, F=free, OA=open archive, CA=closed archive, TAMS=top-at-mark-start (previous, next)
|   0|0x0000000080000000, 0x0000000080100000, 0x0000000080100000|100%| O|  |TAMS 0x0000000080100000, 0x0000000080000000| Untracked 
|   1|0x0000000080100000, 0x0000000080200000, 0x0000000080200000|100%| O|  |TAMS 0x0000000080200000, 0x0000000080100000| Untracked 
|   2|0x0000000080200000, 0x0000000080300000, 0x0000000080300000|100%|HS|  |TAMS 0x0000000080300000, 0x0000000080200000| Complete 
|   3|0x0000000080300000, 0x0000000080400000, 0x0000000080400000|100%|HC|  |TAMS 0x0000000080400000, 0x0000000080300000| Complete 
|   4|0x0000000080400000, 0x0000000080500000, 0x0000000080500000|100%|HC|  |TAMS 0x0000000080500000, 0x0000000080400000| Complete 
|   5|0x0000000080500000, 0x0000000080600000, 0x0000000080600000|100%|HC|  |TAMS 0x0000000080600000, 0x0000000080500000| Complete 
|   6|0x0000000080600000, 0x0000000080700000, 0x0000000080700000|100%| O|  |TAMS 0x0000000080700000, 0x0000000080600000| Untracked 
|   7|0x0000000080700000, 0x0000000080800000, 0x0000000080800000|100%| O|  |TAMS 0x0000000080800000, 0x0000000080700000| Untracked 
|   8|0x0000000080800000, 0x0000000080900000, 0x0000000080900000|100%| O|  |TAMS 0x0000000080900000, 0x0000000080800000| Untracked 
|   9|0x0000000080900000, 0x0000000080a00000, 0x0000000080a00000|100%| O|  |TAMS 0x0000000080a00000, 0x0000000080900000| Untracked 
|  10|0x0000000080a00000, 0x0000000080b00000, 0x0000000080b00000|100%| O|  |TAMS 0x0000000080b00000, 0x0000000080a00000| Untracked 
|  11|0x0000000080b00000, 0x0000000080c00000, 0x0000000080c00000|100%| O|  |TAMS 0x0000000080c00000, 0x0000000080b00000| Untracked 
|  12|0x0000000080c00000, 0x0000000080d00000, 0x0000000080d00000|100%| O|  |TAMS 0x0000000080d00000, 0x0000000080c00000| Untracked 
|  13|0x0000000080d00000, 0x0000000080e00000, 0x0000000080e00000|100%| O|  |TAMS 0x0000000080e00000, 0x0000000080d00000| Untracked 
|  14|0x0000000080e00000, 0x0000000080f00000, 0x0000000080f00000|100%| O|  |TAMS 0x0000000080f00000, 0x0000000080e00000| Untracked 
|  15|0x0000000080f00000, 0x0000000081000000, 0x0000000081000000|100%| O|  |TAMS 0x0000000081000000, 0x0000000080f00000| Untracked 
|  16|0x0000000081000000, 0x0000000081100000, 0x0000000081100000|100%| O|  |TAMS 0x0000000081100000, 0x0000000081000000| Untracked 
|  17|0x0000000081100000, 0x0000000081200000, 0x0000000081200000|100%| O|  |TAMS 0x0000000081200000, 0x0000000081100000| Untracked 
|  18|0x0000000081200000, 0x0000000081300000, 0x0000000081300000|100%| O|  |TAMS 0x0000000081300000, 0x0000000081200000| Untracked 
|  19|0x0000000081300000, 0x0000000081400000, 0x0000000081400000|100%| O|  |TAMS 0x0000000081400000, 0x0000000081300000| Untracked 
|  20|0x0000000081400000, 0x0000000081500000, 0x0000000081500000|100%| O|  |TAMS 0x0000000081500000, 0x0000000081400000| Untracked 
|  21|0x0000000081500000, 0x0000000081600000, 0x0000000081600000|100%| O|  |TAMS 0x0000000081600000, 0x0000000081500000| Untracked 
|  22|0x0000000081600000, 0x0000000081700000, 0x0000000081700000|100%| O|  |TAMS 0x0000000081700000, 0x0000000081600000| Untracked 
|  23|0x0000000081700000, 0x0000000081800000, 0x0000000081800000|100%| O|  |TAMS 0x0000000081800000, 0x0000000081700000| Untracked 
|  24|0x0000000081800000, 0x0000000081900000, 0x0000000081900000|100%| O|  |TAMS 0x0000000081900000, 0x0000000081800000| Untracked 
|  25|0x0000000081900000, 0x0000000081a00000, 0x0000000081a00000|100%| O|  |TAMS 0x0000000081a00000, 0x0000000081900000| Untracked 
|  26|0x0000000081a00000, 0x0000000081b00000, 0x0000000081b00000|100%| O|  |TAMS 0x0000000081b00000, 0x0000000081a00000| Untracked 
|  27|0x0000000081b00000, 0x0000000081c00000, 0x0000000081c00000|100%| O|  |TAMS 0x0000000081c00000, 0x0000000081b00000| Untracked 
|  28|0x0000000081c00000, 0x0000000081d00000, 0x0000000081d00000|100%| O|  |TAMS 0x0000000081d00000, 0x0000000081c00000| Untracked 
|  29|0x0000000081d00000, 0x0000000081e00000, 0x0000000081e00000|100%| O|  |TAMS 0x0000000081e00000, 0x0000000081d00000| Untracked 
|  30|0x0000000081e00000, 0x0000000081f00000, 0x0000000081f00000|100%| O|  |TAMS 0x0000000081f00000, 0x0000000081e00000| Untracked 
|  31|0x0000000081f00000, 0x0000000082000000, 0x0000000082000000|100%| O|  |TAMS 0x0000000082000000, 0x0000000081f00000| Untracked 
|  32|0x0000000082000000, 0x0000000082100000, 0x0000000082100000|100%| O|  |TAMS 0x0000000082100000, 0x0000000082000000| Untracked 
|  33|0x0000000082100000, 0x0000000082200000, 0x0000000082200000|100%| O|  |TAMS 0x0000000082200000, 0x0000000082100000| Untracked 
|  34|0x0000000082200000, 0x0000000082300000, 0x0000000082300000|100%| O|  |TAMS 0x0000000082300000, 0x0000000082200000| Untracked 
|  35|0x0000000082300000, 0x0000000082400000, 0x0000000082400000|100%| O|  |TAMS 0x0000000082400000, 0x0000000082300000| Untracked 
|  36|0x0000000082400000, 0x0000000082500000, 0x0000000082500000|100%| O|  |TAMS 0x0000000082400000, 0x0000000082400000| Untracked 
|  37|0x0000000082500000, 0x0000000082600000, 0x0000000082600000|100%| O|  |TAMS 0x0000000082600000, 0x0000000082500000| Untracked 
|  38|0x0000000082600000, 0x0000000082700000, 0x0000000082700000|100%| O|  |TAMS 0x0000000082600000, 0x0000000082600000| Untracked 
|  39|0x0000000082700000, 0x0000000082800000, 0x0000000082800000|100%|HS|  |TAMS 0x0000000082800000, 0x0000000082700000| Complete 
|  40|0x0000000082800000, 0x0000000082900000, 0x0000000082900000|100%|HS|  |TAMS 0x0000000082900000, 0x0000000082800000| Complete 
|  41|0x0000000082900000, 0x0000000082a00000, 0x0000000082a00000|100%|HS|  |TAMS 0x0000000082a00000, 0x0000000082900000| Complete 
|  42|0x0000000082a00000, 0x0000000082b00000, 0x0000000082b00000|100%| O|  |TAMS 0x0000000082b00000, 0x0000000082a00000| Untracked 
|  43|0x0000000082b00000, 0x0000000082c00000, 0x0000000082c00000|100%| O|  |TAMS 0x0000000082c00000, 0x0000000082b00000| Untracked 
|  44|0x0000000082c00000, 0x0000000082d00000, 0x0000000082d00000|100%| O|  |TAMS 0x0000000082d00000, 0x0000000082c00000| Untracked 
|  45|0x0000000082d00000, 0x0000000082e00000, 0x0000000082e00000|100%| O|  |TAMS 0x0000000082e00000, 0x0000000082d00000| Untracked 
|  46|0x0000000082e00000, 0x0000000082f00000, 0x0000000082f00000|100%| O|  |TAMS 0x0000000082f00000, 0x0000000082e00000| Untracked 
|  47|0x0000000082f00000, 0x0000000083000000, 0x0000000083000000|100%| O|  |TAMS 0x0000000083000000, 0x0000000082f00000| Untracked 
|  48|0x0000000083000000, 0x0000000083100000, 0x0000000083100000|100%| O|  |TAMS 0x0000000083100000, 0x0000000083000000| Untracked 
|  49|0x0000000083100000, 0x0000000083200000, 0x0000000083200000|100%| O|  |TAMS 0x0000000083200000, 0x0000000083100000| Untracked 
|  50|0x0000000083200000, 0x0000000083300000, 0x0000000083300000|100%| O|  |TAMS 0x0000000083300000, 0x0000000083200000| Untracked 
|  51|0x0000000083300000, 0x0000000083400000, 0x0000000083400000|100%| O|  |TAMS 0x0000000083300000, 0x0000000083300000| Untracked 
|  52|0x0000000083400000, 0x0000000083500000, 0x0000000083500000|100%| O|  |TAMS 0x0000000083400000, 0x0000000083400000| Untracked 
|  53|0x0000000083500000, 0x0000000083600000, 0x0000000083600000|100%| O|  |TAMS 0x0000000083500000, 0x0000000083500000| Untracked 
|  54|0x0000000083600000, 0x0000000083700000, 0x0000000083700000|100%| O|  |TAMS 0x0000000083700000, 0x0000000083600000| Untracked 
|  55|0x0000000083700000, 0x0000000083800000, 0x0000000083800000|100%| O|  |TAMS 0x0000000083800000, 0x0000000083700000| Untracked 
|  56|0x0000000083800000, 0x0000000083900000, 0x0000000083900000|100%| O|  |TAMS 0x0000000083800000, 0x0000000083800000| Untracked 
|  57|0x0000000083900000, 0x0000000083a00000, 0x0000000083a00000|100%| O|  |TAMS 0x0000000083900000, 0x0000000083900000| Untracked 
|  58|0x0000000083a00000, 0x0000000083b00000, 0x0000000083b00000|100%| O|  |TAMS 0x0000000083a00000, 0x0000000083a00000| Untracked 
|  59|0x0000000083b00000, 0x0000000083c00000, 0x0000000083c00000|100%| O|  |TAMS 0x0000000083b00000, 0x0000000083b00000| Untracked 
|  60|0x0000000083c00000, 0x0000000083d00000, 0x0000000083d00000|100%| O|  |TAMS 0x0000000083c00000, 0x0000000083c00000| Untracked 
|  61|0x0000000083d00000, 0x0000000083e00000, 0x0000000083e00000|100%| O|  |TAMS 0x0000000083d00000, 0x0000000083d00000| Untracked 
|  62|0x0000000083e00000, 0x0000000083f00000, 0x0000000083f00000|100%| O|  |TAMS 0x0000000083e00000, 0x0000000083e00000| Untracked 
|  63|0x0000000083f00000, 0x0000000084000000, 0x0000000084000000|100%| O|  |TAMS 0x0000000083f00000, 0x0000000083f00000| Untracked 
|  64|0x0000000084000000, 0x0000000084100000, 0x0000000084100000|100%| O|  |TAMS 0x0000000084000000, 0x0000000084000000| Untracked 
|  65|0x0000000084100000, 0x0000000084200000, 0x0000000084200000|100%| O|  |TAMS 0x0000000084100000, 0x0000000084100000| Untracked 
|  66|0x0000000084200000, 0x0000000084300000, 0x0000000084300000|100%| O|  |TAMS 0x0000000084200000, 0x0000000084200000| Untracked 
|  67|0x0000000084300000, 0x0000000084400000, 0x0000000084400000|100%| O|  |TAMS 0x0000000084300000, 0x0000000084300000| Untracked 
|  68|0x0000000084400000, 0x0000000084500000, 0x0000000084500000|100%| O|  |TAMS 0x0000000084400000, 0x0000000084400000| Untracked 
|  69|0x0000000084500000, 0x0000000084600000, 0x0000000084600000|100%| O|  |TAMS 0x0000000084500000, 0x0000000084500000| Untracked 
|  70|0x0000000084600000, 0x0000000084700000, 0x0000000084700000|100%| O|  |TAMS 0x0000000084600000, 0x0000000084600000| Untracked 
|  71|0x0000000084700000, 0x0000000084800000, 0x0000000084800000|100%| O|  |TAMS 0x0000000084700000, 0x0000000084700000| Untracked 
|  72|0x0000000084800000, 0x0000000084900000, 0x0000000084900000|100%| O|  |TAMS 0x0000000084800000, 0x0000000084800000| Untracked 
|  73|0x0000000084900000, 0x0000000084a00000, 0x0000000084a00000|100%| O|  |TAMS 0x0000000084900000, 0x0000000084900000| Untracked 
|  74|0x0000000084a00000, 0x0000000084b00000, 0x0000000084b00000|100%| O|  |TAMS 0x0000000084a00000, 0x0000000084a00000| Untracked 
|  75|0x0000000084b00000, 0x0000000084c00000, 0x0000000084c00000|100%| O|  |TAMS 0x0000000084b00000, 0x0000000084b00000| Untracked 
|  76|0x0000000084c00000, 0x0000000084d00000, 0x0000000084d00000|100%| O|  |TAMS 0x0000000084c00000, 0x0000000084c00000| Untracked 
|  77|0x0000000084d00000, 0x0000000084e00000, 0x0000000084e00000|100%| O|  |TAMS 0x0000000084d00000, 0x0000000084d00000| Untracked 
|  78|0x0000000084e00000, 0x0000000084f00000, 0x0000000084f00000|100%| O|  |TAMS 0x0000000084e00000, 0x0000000084e00000| Untracked 
|  79|0x0000000084f00000, 0x0000000085000000, 0x0000000085000000|100%| O|  |TAMS 0x0000000084f00000, 0x0000000084f00000| Untracked 
|  80|0x0000000085000000, 0x0000000085100000, 0x0000000085100000|100%| O|  |TAMS 0x0000000085000000, 0x0000000085000000| Untracked 
|  81|0x0000000085100000, 0x0000000085200000, 0x0000000085200000|100%|HS|  |TAMS 0x0000000085100000, 0x0000000085100000| Complete 
|  82|0x0000000085200000, 0x0000000085300000, 0x0000000085300000|100%|HC|  |TAMS 0x0000000085200000, 0x0000000085200000| Complete 
|  83|0x0000000085300000, 0x0000000085400000, 0x0000000085400000|100%| O|  |TAMS 0x0000000085300000, 0x0000000085300000| Untracked 
|  84|0x0000000085400000, 0x0000000085500000, 0x0000000085500000|100%| O|  |TAMS 0x0000000085400000, 0x0000000085400000| Untracked 
|  85|0x0000000085500000, 0x0000000085600000, 0x0000000085600000|100%| O|  |TAMS 0x0000000085500000, 0x0000000085500000| Untracked 
|  86|0x0000000085600000, 0x0000000085700000, 0x0000000085700000|100%| O|  |TAMS 0x0000000085600000, 0x0000000085600000| Untracked 
|  87|0x0000000085700000, 0x0000000085800000, 0x0000000085800000|100%| O|  |TAMS 0x0000000085700000, 0x0000000085700000| Untracked 
|  88|0x0000000085800000, 0x0000000085900000, 0x0000000085900000|100%| O|  |TAMS 0x0000000085800000, 0x0000000085800000| Untracked 
|  89|0x0000000085900000, 0x0000000085a00000, 0x0000000085a00000|100%| O|  |TAMS 0x0000000085900000, 0x0000000085900000| Untracked 
|  90|0x0000000085a00000, 0x0000000085b00000, 0x0000000085b00000|100%| O|  |TAMS 0x0000000085a00000, 0x0000000085a00000| Untracked 
|  91|0x0000000085b00000, 0x0000000085b94c00, 0x0000000085c00000| 58%| O|  |TAMS 0x0000000085b00000, 0x0000000085b00000| Untracked 
|  92|0x0000000085c00000, 0x0000000085c00000, 0x0000000085d00000|  0%| F|  |TAMS 0x0000000085c00000, 0x0000000085c00000| Untracked 
|  93|0x0000000085d00000, 0x0000000085d00000, 0x0000000085e00000|  0%| F|  |TAMS 0x0000000085d00000, 0x0000000085d00000| Untracked 
|  94|0x0000000085e00000, 0x0000000085e00000, 0x0000000085f00000|  0%| F|  |TAMS 0x0000000085e00000, 0x0000000085e00000| Untracked 
|  95|0x0000000085f00000, 0x0000000085f00000, 0x0000000086000000|  0%| F|  |TAMS 0x0000000085f00000, 0x0000000085f00000| Untracked 
|  96|0x0000000086000000, 0x0000000086000000, 0x0000000086100000|  0%| F|  |TAMS 0x0000000086000000, 0x0000000086000000| Untracked 
|  97|0x0000000086100000, 0x0000000086100000, 0x0000000086200000|  0%| F|  |TAMS 0x0000000086100000, 0x0000000086100000| Untracked 
|  98|0x0000000086200000, 0x0000000086200000, 0x0000000086300000|  0%| F|  |TAMS 0x0000000086200000, 0x0000000086200000| Untracked 
|  99|0x0000000086300000, 0x0000000086300000, 0x0000000086400000|  0%| F|  |TAMS 0x0000000086300000, 0x0000000086300000| Untracked 
| 100|0x0000000086400000, 0x0000000086400000, 0x0000000086500000|  0%| F|  |TAMS 0x0000000086400000, 0x0000000086400000| Untracked 
| 101|0x0000000086500000, 0x0000000086500000, 0x0000000086600000|  0%| F|  |TAMS 0x0000000086500000, 0x0000000086500000| Untracked 
| 102|0x0000000086600000, 0x0000000086700000, 0x0000000086700000|100%| S|CS|TAMS 0x0000000086600000, 0x0000000086600000| Complete 
| 103|0x0000000086700000, 0x0000000086700000, 0x0000000086800000|  0%| F|  |TAMS 0x0000000086700000, 0x0000000086700000| Untracked 
| 104|0x0000000086800000, 0x0000000086800000, 0x0000000086900000|  0%| F|  |TAMS 0x0000000086800000, 0x0000000086800000| Untracked 
| 105|0x0000000086900000, 0x0000000086900000, 0x0000000086a00000|  0%| F|  |TAMS 0x0000000086900000, 0x0000000086900000| Untracked 
| 106|0x0000000086a00000, 0x0000000086b00000, 0x0000000086b00000|100%| S|CS|TAMS 0x0000000086a00000, 0x0000000086a00000| Complete 
| 107|0x0000000086b00000, 0x0000000086c00000, 0x0000000086c00000|100%| S|CS|TAMS 0x0000000086b00000, 0x0000000086b00000| Complete 
| 108|0x0000000086c00000, 0x0000000086c00000, 0x0000000086d00000|  0%| F|  |TAMS 0x0000000086c00000, 0x0000000086c00000| Untracked 
| 109|0x0000000086d00000, 0x0000000086e00000, 0x0000000086e00000|100%| S|CS|TAMS 0x0000000086d00000, 0x0000000086d00000| Complete 
| 110|0x0000000086e00000, 0x0000000086f00000, 0x0000000086f00000|100%| S|CS|TAMS 0x0000000086e00000, 0x0000000086e00000| Complete 
| 111|0x0000000086f00000, 0x0000000086f00000, 0x0000000087000000|  0%| F|  |TAMS 0x0000000086f00000, 0x0000000086f00000| Untracked 
| 112|0x0000000087000000, 0x0000000087000000, 0x0000000087100000|  0%| F|  |TAMS 0x0000000087000000, 0x0000000087000000| Untracked 
| 113|0x0000000087100000, 0x0000000087100000, 0x0000000087200000|  0%| F|  |TAMS 0x0000000087100000, 0x0000000087100000| Untracked 
| 114|0x0000000087200000, 0x0000000087200000, 0x0000000087300000|  0%| F|  |TAMS 0x0000000087200000, 0x0000000087200000| Untracked 
| 115|0x0000000087300000, 0x0000000087300000, 0x0000000087400000|  0%| F|  |TAMS 0x0000000087300000, 0x0000000087300000| Untracked 
| 116|0x0000000087400000, 0x0000000087400000, 0x0000000087500000|  0%| F|  |TAMS 0x0000000087400000, 0x0000000087400000| Untracked 
| 117|0x0000000087500000, 0x0000000087500000, 0x0000000087600000|  0%| F|  |TAMS 0x0000000087500000, 0x0000000087500000| Untracked 
| 118|0x0000000087600000, 0x0000000087600000, 0x0000000087700000|  0%| F|  |TAMS 0x0000000087600000, 0x0000000087600000| Untracked 
| 119|0x0000000087700000, 0x0000000087700000, 0x0000000087800000|  0%| F|  |TAMS 0x0000000087700000, 0x0000000087700000| Untracked 
| 120|0x0000000087800000, 0x0000000087800000, 0x0000000087900000|  0%| F|  |TAMS 0x0000000087800000, 0x0000000087800000| Untracked 
| 121|0x0000000087900000, 0x0000000087900000, 0x0000000087a00000|  0%| F|  |TAMS 0x0000000087900000, 0x0000000087900000| Untracked 
| 122|0x0000000087a00000, 0x0000000087a00000, 0x0000000087b00000|  0%| F|  |TAMS 0x0000000087a00000, 0x0000000087a00000| Untracked 
| 123|0x0000000087b00000, 0x0000000087b00000, 0x0000000087c00000|  0%| F|  |TAMS 0x0000000087b00000, 0x0000000087b00000| Untracked 
| 124|0x0000000087c00000, 0x0000000087c00000, 0x0000000087d00000|  0%| F|  |TAMS 0x0000000087c00000, 0x0000000087c00000| Untracked 
| 125|0x0000000087d00000, 0x0000000087d00000, 0x0000000087e00000|  0%| F|  |TAMS 0x0000000087d00000, 0x0000000087d00000| Untracked 
| 126|0x0000000087e00000, 0x0000000087e00000, 0x0000000087f00000|  0%| F|  |TAMS 0x0000000087e00000, 0x0000000087e00000| Untracked 
| 127|0x0000000087f00000, 0x0000000087f00000, 0x0000000088000000|  0%| F|  |TAMS 0x0000000087f00000, 0x0000000087f00000| Untracked 
| 128|0x0000000088000000, 0x0000000088000000, 0x0000000088100000|  0%| F|  |TAMS 0x0000000088000000, 0x0000000088000000| Untracked 
| 129|0x0000000088100000, 0x0000000088100000, 0x0000000088200000|  0%| F|  |TAMS 0x0000000088100000, 0x0000000088100000| Untracked 
| 130|0x0000000088200000, 0x0000000088200000, 0x0000000088300000|  0%| F|  |TAMS 0x0000000088200000, 0x0000000088200000| Untracked 
| 131|0x0000000088300000, 0x0000000088300000, 0x0000000088400000|  0%| F|  |TAMS 0x0000000088300000, 0x0000000088300000| Untracked 
| 132|0x0000000088400000, 0x0000000088400000, 0x0000000088500000|  0%| F|  |TAMS 0x0000000088400000, 0x0000000088400000| Untracked 
| 133|0x0000000088500000, 0x0000000088500000, 0x0000000088600000|  0%| F|  |TAMS 0x0000000088500000, 0x0000000088500000| Untracked 
| 134|0x0000000088600000, 0x0000000088600000, 0x0000000088700000|  0%| F|  |TAMS 0x0000000088600000, 0x0000000088600000| Untracked 
| 135|0x0000000088700000, 0x0000000088700000, 0x0000000088800000|  0%| F|  |TAMS 0x0000000088700000, 0x0000000088700000| Untracked 
| 203|0x000000008cb00000, 0x000000008cb00000, 0x000000008cc00000|  0%| F|  |TAMS 0x000000008cb00000, 0x000000008cb00000| Untracked 
| 204|0x000000008cc00000, 0x000000008cc00000, 0x000000008cd00000|  0%| F|  |TAMS 0x000000008cc00000, 0x000000008cc00000| Untracked 
| 205|0x000000008cd00000, 0x000000008cd00000, 0x000000008ce00000|  0%| F|  |TAMS 0x000000008cd00000, 0x000000008cd00000| Untracked 
| 206|0x000000008ce00000, 0x000000008ce00000, 0x000000008cf00000|  0%| F|  |TAMS 0x000000008ce00000, 0x000000008ce00000| Untracked 
| 207|0x000000008cf00000, 0x000000008cfd6d18, 0x000000008d000000| 83%| E|  |TAMS 0x000000008cf00000, 0x000000008cf00000| Complete 
| 208|0x000000008d000000, 0x000000008d100000, 0x000000008d100000|100%| E|CS|TAMS 0x000000008d000000, 0x000000008d000000| Complete 
| 209|0x000000008d100000, 0x000000008d200000, 0x000000008d200000|100%| E|CS|TAMS 0x000000008d100000, 0x000000008d100000| Complete 
| 210|0x000000008d200000, 0x000000008d300000, 0x000000008d300000|100%| E|CS|TAMS 0x000000008d200000, 0x000000008d200000| Complete 
| 255|0x000000008ff00000, 0x0000000090000000, 0x0000000090000000|100%| E|CS|TAMS 0x000000008ff00000, 0x000000008ff00000| Complete 

Card table byte_map: [0x000001ce3c780000,0x000001ce3cb80000] _byte_map_base: 0x000001ce3c380000

Marking Bits (Prev, Next): (CMBitMap*) 0x000001ce29f08c50, (CMBitMap*) 0x000001ce29f08c90
 Prev Bits: [0x000001ce3cf80000, 0x000001ce3ef80000)
 Next Bits: [0x000001ce3ef80000, 0x000001ce40f80000)

Polling page: 0x000001ce27e60000

Metaspace:

Usage:
  Non-class:     89.20 MB used.
      Class:     13.88 MB used.
       Both:    103.08 MB used.

Virtual space:
  Non-class space:       96.00 MB reserved,      89.56 MB ( 93%) committed,  12 nodes.
      Class space:        1.00 GB reserved,      14.19 MB (  1%) committed,  1 nodes.
             Both:        1.09 GB reserved,     103.75 MB (  9%) committed. 

Chunk freelists:
   Non-Class:  2.17 MB
       Class:  1.84 MB
        Both:  4.02 MB

MaxMetaspaceSize: unlimited
CompressedClassSpaceSize: 1.00 GB
Initial GC threshold: 21.00 MB
Current GC threshold: 122.81 MB
CDS: off
MetaspaceReclaimPolicy: balanced
 - commit_granule_bytes: 65536.
 - commit_granule_words: 8192.
 - virtual_space_node_default_size: 1048576.
 - enlarge_chunks_in_place: 1.
 - new_chunks_are_fully_committed: 0.
 - uncommit_free_chunks: 1.
 - use_allocation_guard: 0.
 - handle_deallocations: 1.


Internal statistics:

num_allocs_failed_limit: 6.
num_arena_births: 1012.
num_arena_deaths: 0.
num_vsnodes_births: 13.
num_vsnodes_deaths: 0.
num_space_committed: 1659.
num_space_uncommitted: 0.
num_chunks_returned_to_freelist: 6.
num_chunks_taken_from_freelist: 4727.
num_chunk_merges: 6.
num_chunk_splits: 3187.
num_chunks_enlarged: 2184.
num_purges: 0.
num_inconsistent_stats: 0.

CodeHeap 'non-profiled nmethods': size=120000Kb used=7038Kb max_used=7038Kb free=112961Kb
 bounds [0x000001ce34e50000, 0x000001ce35530000, 0x000001ce3c380000]
CodeHeap 'profiled nmethods': size=120000Kb used=21412Kb max_used=21412Kb free=98588Kb
 bounds [0x000001ce2d380000, 0x000001ce2e870000, 0x000001ce348b0000]
CodeHeap 'non-nmethods': size=5760Kb used=2428Kb max_used=2516Kb free=3331Kb
 bounds [0x000001ce348b0000, 0x000001ce34b40000, 0x000001ce34e50000]
 total_blobs=11795 nmethods=10824 adapters=883
 compilation: enabled
              stopped_count=0, restarted_count=0
 full_count=0

Compilation events (20 events):
Event: 47.042 Thread 0x000001ce4402aa20 nmethod 12342 0x000001ce2e85cf90 code [0x000001ce2e85d2e0, 0x000001ce2e85e808]
Event: 47.045 Thread 0x000001ce4402aa20 12343       3       com.sun.tools.javac.code.DeferredLintHandler::setPos (12 bytes)
Event: 47.045 Thread 0x000001ce4402aa20 nmethod 12343 0x000001ce2e85f090 code [0x000001ce2e85f220, 0x000001ce2e85f378]
Event: 47.045 Thread 0x000001ce4402aa20 12344       3       com.sun.tools.javac.tree.JCTree$JCVariableDecl::getTag (4 bytes)
Event: 47.046 Thread 0x000001ce4402aa20 nmethod 12344 0x000001ce2e85f410 code [0x000001ce2e85f5a0, 0x000001ce2e85f6b8]
Event: 47.056 Thread 0x000001ce4402aa20 12346       3       com.sun.tools.javac.util.ListBuffer::nonEmpty (13 bytes)
Event: 47.056 Thread 0x000001ce4402aa20 nmethod 12346 0x000001ce2e85f790 code [0x000001ce2e85f920, 0x000001ce2e85fa98]
Event: 47.056 Thread 0x000001ce4402aa20 12347       3       com.sun.tools.javac.code.Symbol::initedMetadata (24 bytes)
Event: 47.056 Thread 0x000001ce4402aa20 nmethod 12347 0x000001ce2e85fb10 code [0x000001ce2e85fcc0, 0x000001ce2e85ff08]
Event: 47.056 Thread 0x000001ce4402aa20 12348       3       com.sun.tools.javac.util.ListBuffer::next (56 bytes)
Event: 47.057 Thread 0x000001ce4402aa20 nmethod 12348 0x000001ce2e860010 code [0x000001ce2e8601e0, 0x000001ce2e860598]
Event: 47.057 Thread 0x000001ce4402aa20 12349   !   3       com.sun.tools.javac.jvm.ClassReader$AnnotationCompleter::run (228 bytes)
Event: 47.059 Thread 0x000001ce4402aa20 nmethod 12349 0x000001ce2e860710 code [0x000001ce2e860a40, 0x000001ce2e862758]
Event: 47.059 Thread 0x000001ce4402aa20 12350       3       com.sun.tools.javac.jvm.ClassReader$AnnotationDeproxy::deproxyCompound (115 bytes)
Event: 47.060 Thread 0x000001ce4402aa20 nmethod 12350 0x000001ce2e863310 code [0x000001ce2e8635c0, 0x000001ce2e864828]
Event: 47.061 Thread 0x000001ce4402aa20 12351       3       com.sun.tools.javac.code.SymbolMetadata::filterDeclSentinels (22 bytes)
Event: 47.062 Thread 0x000001ce4402aa20 nmethod 12351 0x000001ce2e864e10 code [0x000001ce2e864fc0, 0x000001ce2e8651d8]
Event: 47.062 Thread 0x000001ce4402aa20 12353       3       com.sun.tools.javac.code.SymbolMetadata::<init> (38 bytes)
Event: 47.063 Thread 0x000001ce4402aa20 nmethod 12353 0x000001ce2e865290 code [0x000001ce2e865460, 0x000001ce2e8658f8]
Event: 47.066 Thread 0x000001ce4402aa20 12354       3       com.sun.tools.javac.jvm.ClassReader$AnnotationDeproxy::deproxyCompoundList (46 bytes)

GC Heap History (20 events):
Event: 24.209 GC heap before
{Heap before GC invocations=34 (full 0):
 garbage-first heap   total 148480K, used 108163K [0x0000000080000000, 0x0000000100000000)
  region size 1024K, 53 young (54272K), 2 survivors (2048K)
 Metaspace       used 79830K, committed 80384K, reserved 1122304K
  class space    used 10579K, committed 10816K, reserved 1048576K
}
Event: 24.220 GC heap after
{Heap after GC invocations=35 (full 0):
 garbage-first heap   total 148480K, used 58984K [0x0000000080000000, 0x0000000100000000)
  region size 1024K, 6 young (6144K), 6 survivors (6144K)
 Metaspace       used 79830K, committed 80384K, reserved 1122304K
  class space    used 10579K, committed 10816K, reserved 1048576K
}
Event: 24.316 GC heap before
{Heap before GC invocations=35 (full 0):
 garbage-first heap   total 148480K, used 60008K [0x0000000080000000, 0x0000000100000000)
  region size 1024K, 7 young (7168K), 6 survivors (6144K)
 Metaspace       used 79900K, committed 80448K, reserved 1122304K
  class space    used 10586K, committed 10816K, reserved 1048576K
}
Event: 24.326 GC heap after
{Heap after GC invocations=36 (full 0):
 garbage-first heap   total 148480K, used 59210K [0x0000000080000000, 0x0000000100000000)
  region size 1024K, 1 young (1024K), 1 survivors (1024K)
 Metaspace       used 79900K, committed 80448K, reserved 1122304K
  class space    used 10586K, committed 10816K, reserved 1048576K
}
Event: 26.769 GC heap before
{Heap before GC invocations=36 (full 0):
 garbage-first heap   total 148480K, used 114506K [0x0000000080000000, 0x0000000100000000)
  region size 1024K, 55 young (56320K), 1 survivors (1024K)
 Metaspace       used 86530K, committed 87104K, reserved 1130496K
  class space    used 11712K, committed 11968K, reserved 1048576K
}
Event: 26.778 GC heap after
{Heap after GC invocations=37 (full 0):
 garbage-first heap   total 148480K, used 62110K [0x0000000080000000, 0x0000000100000000)
  region size 1024K, 4 young (4096K), 4 survivors (4096K)
 Metaspace       used 86530K, committed 87104K, reserved 1130496K
  class space    used 11712K, committed 11968K, reserved 1048576K
}
Event: 29.244 GC heap before
{Heap before GC invocations=37 (full 0):
 garbage-first heap   total 148480K, used 115358K [0x0000000080000000, 0x0000000100000000)
  region size 1024K, 56 young (57344K), 4 survivors (4096K)
 Metaspace       used 92620K, committed 93312K, reserved 1130496K
  class space    used 12594K, committed 12928K, reserved 1048576K
}
Event: 29.256 GC heap after
{Heap after GC invocations=38 (full 0):
 garbage-first heap   total 148480K, used 66015K [0x0000000080000000, 0x0000000100000000)
  region size 1024K, 7 young (7168K), 7 survivors (7168K)
 Metaspace       used 92620K, committed 93312K, reserved 1130496K
  class space    used 12594K, committed 12928K, reserved 1048576K
}
Event: 32.260 GC heap before
{Heap before GC invocations=38 (full 0):
 garbage-first heap   total 148480K, used 117215K [0x0000000080000000, 0x0000000100000000)
  region size 1024K, 57 young (58368K), 7 survivors (7168K)
 Metaspace       used 93786K, committed 94400K, reserved 1130496K
  class space    used 12746K, committed 13056K, reserved 1048576K
}
Event: 32.283 GC heap after
{Heap after GC invocations=39 (full 0):
 garbage-first heap   total 148480K, used 73708K [0x0000000080000000, 0x0000000100000000)
  region size 1024K, 8 young (8192K), 8 survivors (8192K)
 Metaspace       used 93786K, committed 94400K, reserved 1130496K
  class space    used 12746K, committed 13056K, reserved 1048576K
}
Event: 33.983 GC heap before
{Heap before GC invocations=39 (full 0):
 garbage-first heap   total 148480K, used 115692K [0x0000000080000000, 0x0000000100000000)
  region size 1024K, 50 young (51200K), 8 survivors (8192K)
 Metaspace       used 95484K, committed 96192K, reserved 1138688K
  class space    used 13047K, committed 13376K, reserved 1048576K
}
Event: 34.003 GC heap after
{Heap after GC invocations=40 (full 0):
 garbage-first heap   total 148480K, used 78323K [0x0000000080000000, 0x0000000100000000)
  region size 1024K, 4 young (4096K), 4 survivors (4096K)
 Metaspace       used 95484K, committed 96192K, reserved 1138688K
  class space    used 13047K, committed 13376K, reserved 1048576K
}
Event: 37.055 GC heap before
{Heap before GC invocations=40 (full 0):
 garbage-first heap   total 148480K, used 117235K [0x0000000080000000, 0x0000000100000000)
  region size 1024K, 43 young (44032K), 4 survivors (4096K)
 Metaspace       used 96256K, committed 96960K, reserved 1138688K
  class space    used 13110K, committed 13440K, reserved 1048576K
}
Event: 37.066 GC heap after
{Heap after GC invocations=41 (full 0):
 garbage-first heap   total 148480K, used 82094K [0x0000000080000000, 0x0000000100000000)
  region size 1024K, 4 young (4096K), 4 survivors (4096K)
 Metaspace       used 96256K, committed 96960K, reserved 1138688K
  class space    used 13110K, committed 13440K, reserved 1048576K
}
Event: 41.218 GC heap before
{Heap before GC invocations=41 (full 0):
 garbage-first heap   total 148480K, used 119982K [0x0000000080000000, 0x0000000100000000)
  region size 1024K, 41 young (41984K), 4 survivors (4096K)
 Metaspace       used 97811K, committed 98496K, reserved 1138688K
  class space    used 13242K, committed 13568K, reserved 1048576K
}
Event: 41.232 GC heap after
{Heap after GC invocations=42 (full 0):
 garbage-first heap   total 148480K, used 84363K [0x0000000080000000, 0x0000000100000000)
  region size 1024K, 3 young (3072K), 3 survivors (3072K)
 Metaspace       used 97811K, committed 98496K, reserved 1138688K
  class space    used 13242K, committed 13568K, reserved 1048576K
}
Event: 44.662 GC heap before
{Heap before GC invocations=42 (full 0):
 garbage-first heap   total 148480K, used 120203K [0x0000000080000000, 0x0000000100000000)
  region size 1024K, 39 young (39936K), 3 survivors (3072K)
 Metaspace       used 103167K, committed 103872K, reserved 1138688K
  class space    used 13943K, committed 14272K, reserved 1048576K
}
Event: 44.675 GC heap after
{Heap after GC invocations=43 (full 0):
 garbage-first heap   total 148480K, used 88064K [0x0000000080000000, 0x0000000100000000)
  region size 1024K, 5 young (5120K), 5 survivors (5120K)
 Metaspace       used 103167K, committed 103872K, reserved 1138688K
  class space    used 13943K, committed 14272K, reserved 1048576K
}
Event: 46.841 GC heap before
{Heap before GC invocations=43 (full 0):
 garbage-first heap   total 148480K, used 124928K [0x0000000080000000, 0x0000000100000000)
  region size 1024K, 39 young (39936K), 5 survivors (5120K)
 Metaspace       used 105427K, committed 106112K, reserved 1146880K
  class space    used 14204K, committed 14528K, reserved 1048576K
}
Event: 46.861 GC heap after
{Heap after GC invocations=44 (full 0):
 garbage-first heap   total 148480K, used 98899K [0x0000000080000000, 0x0000000100000000)
  region size 1024K, 5 young (5120K), 5 survivors (5120K)
 Metaspace       used 105427K, committed 106112K, reserved 1146880K
  class space    used 14204K, committed 14528K, reserved 1048576K
}

Dll operation events (2 events):
Event: 0.025 Loaded shared library C:\Program Files\Android\Android Studio\jbr\bin\java.dll
Event: 1.303 Loaded shared library C:\Program Files\Android\Android Studio\jbr\bin\verify.dll

Deoptimization events (20 events):
Event: 46.365 Thread 0x000001ce47700d30 Uncommon trap: trap_request=0xffffffc6 fr.pc=0x000001ce3500d1dc relative=0x00000000000002dc
Event: 46.365 Thread 0x000001ce47700d30 Uncommon trap: reason=bimorphic_or_optimized_type_check action=maybe_recompile pc=0x000001ce3500d1dc method=java.util.Spliterators$IteratorSpliterator.tryAdvance(Ljava/util/function/Consumer;)Z @ 50 c2
Event: 46.365 Thread 0x000001ce47700d30 DEOPT PACKING pc=0x000001ce3500d1dc sp=0x0000002b78cf87e0
Event: 46.365 Thread 0x000001ce47700d30 DEOPT UNPACKING pc=0x000001ce349069a3 sp=0x0000002b78cf8780 mode 2
Event: 46.471 Thread 0x000001ce47700d30 Uncommon trap: trap_request=0xffffff45 fr.pc=0x000001ce35504c08 relative=0x0000000000000208
Event: 46.471 Thread 0x000001ce47700d30 Uncommon trap: reason=unstable_if action=reinterpret pc=0x000001ce35504c08 method=com.sun.tools.javac.util.Name$Table.equals([BI[BII)Z @ 22 c2
Event: 46.471 Thread 0x000001ce47700d30 DEOPT PACKING pc=0x000001ce35504c08 sp=0x0000002b78cf75e0
Event: 46.471 Thread 0x000001ce47700d30 DEOPT UNPACKING pc=0x000001ce349069a3 sp=0x0000002b78cf7558 mode 2
Event: 46.591 Thread 0x000001ce47700d30 Uncommon trap: trap_request=0xffffff45 fr.pc=0x000001ce3550aee0 relative=0x0000000000000060
Event: 46.591 Thread 0x000001ce47700d30 Uncommon trap: reason=unstable_if action=reinterpret pc=0x000001ce3550aee0 method=com.sun.tools.javac.jvm.PoolReader.sizeof(I)I @ 1 c2
Event: 46.591 Thread 0x000001ce47700d30 DEOPT PACKING pc=0x000001ce3550aee0 sp=0x0000002b78cf7050
Event: 46.591 Thread 0x000001ce47700d30 DEOPT UNPACKING pc=0x000001ce349069a3 sp=0x0000002b78cf6fe0 mode 2
Event: 46.838 Thread 0x000001ce47700d30 Uncommon trap: trap_request=0xffffff45 fr.pc=0x000001ce34ec6fe4 relative=0x0000000000000504
Event: 46.838 Thread 0x000001ce47700d30 Uncommon trap: reason=unstable_if action=reinterpret pc=0x000001ce34ec6fe4 method=sun.nio.fs.WindowsPathParser.normalize(Ljava/lang/StringBuilder;Ljava/lang/String;I)Ljava/lang/String; @ 53 c2
Event: 46.838 Thread 0x000001ce47700d30 DEOPT PACKING pc=0x000001ce34ec6fe4 sp=0x0000002b78cf7520
Event: 46.838 Thread 0x000001ce47700d30 DEOPT UNPACKING pc=0x000001ce349069a3 sp=0x0000002b78cf7528 mode 2
Event: 46.862 Thread 0x000001ce47700d30 Uncommon trap: trap_request=0xfffffff4 fr.pc=0x000001ce3550c154 relative=0x0000000000000c74
Event: 46.862 Thread 0x000001ce47700d30 Uncommon trap: reason=null_check action=make_not_entrant pc=0x000001ce3550c154 method=com.sun.tools.javac.util.UnsharedNameTable.fromUtf([BII)Lcom/sun/tools/javac/util/Name; @ 42 c2
Event: 46.862 Thread 0x000001ce47700d30 DEOPT PACKING pc=0x000001ce3550c154 sp=0x0000002b78cf78d0
Event: 46.862 Thread 0x000001ce47700d30 DEOPT UNPACKING pc=0x000001ce349069a3 sp=0x0000002b78cf7878 mode 2

Classes unloaded (0 events):
No events

Classes redefined (0 events):
No events

Internal exceptions (20 events):
Event: 46.869 Thread 0x000001ce47700d30 Exception <a 'sun/nio/fs/WindowsException'{0x000000008ff12e60}> (0x000000008ff12e60) 
thrown [s\src\hotspot\share\prims\jni.cpp, line 517]
Event: 46.875 Thread 0x000001ce47700d30 Exception <a 'sun/nio/fs/WindowsException'{0x000000008ff4e9b0}> (0x000000008ff4e9b0) 
thrown [s\src\hotspot\share\prims\jni.cpp, line 517]
Event: 46.875 Thread 0x000001ce47700d30 Exception <a 'sun/nio/fs/WindowsException'{0x000000008ff4ed20}> (0x000000008ff4ed20) 
thrown [s\src\hotspot\share\prims\jni.cpp, line 517]
Event: 46.940 Thread 0x000001ce47700d30 Exception <a 'sun/nio/fs/WindowsException'{0x000000008d27eef0}> (0x000000008d27eef0) 
thrown [s\src\hotspot\share\prims\jni.cpp, line 517]
Event: 46.940 Thread 0x000001ce47700d30 Exception <a 'sun/nio/fs/WindowsException'{0x000000008d27f268}> (0x000000008d27f268) 
thrown [s\src\hotspot\share\prims\jni.cpp, line 517]
Event: 46.960 Thread 0x000001ce47700d30 Exception <a 'sun/nio/fs/WindowsException'{0x000000008d105568}> (0x000000008d105568) 
thrown [s\src\hotspot\share\prims\jni.cpp, line 517]
Event: 46.960 Thread 0x000001ce47700d30 Exception <a 'sun/nio/fs/WindowsException'{0x000000008d1058e8}> (0x000000008d1058e8) 
thrown [s\src\hotspot\share\prims\jni.cpp, line 517]
Event: 46.962 Thread 0x000001ce47700d30 Exception <a 'sun/nio/fs/WindowsException'{0x000000008d13e190}> (0x000000008d13e190) 
thrown [s\src\hotspot\share\prims\jni.cpp, line 517]
Event: 46.962 Thread 0x000001ce47700d30 Exception <a 'sun/nio/fs/WindowsException'{0x000000008d13e540}> (0x000000008d13e540) 
thrown [s\src\hotspot\share\prims\jni.cpp, line 517]
Event: 46.974 Thread 0x000001ce47700d30 Exception <a 'sun/nio/fs/WindowsException'{0x000000008d057b58}> (0x000000008d057b58) 
thrown [s\src\hotspot\share\prims\jni.cpp, line 517]
Event: 46.974 Thread 0x000001ce47700d30 Exception <a 'sun/nio/fs/WindowsException'{0x000000008d057ea8}> (0x000000008d057ea8) 
thrown [s\src\hotspot\share\prims\jni.cpp, line 517]
Event: 46.976 Thread 0x000001ce47700d30 Exception <a 'sun/nio/fs/WindowsException'{0x000000008d0668f8}> (0x000000008d0668f8) 
thrown [s\src\hotspot\share\prims\jni.cpp, line 517]
Event: 46.976 Thread 0x000001ce47700d30 Exception <a 'sun/nio/fs/WindowsException'{0x000000008d066c38}> (0x000000008d066c38) 
thrown [s\src\hotspot\share\prims\jni.cpp, line 517]
Event: 46.976 Thread 0x000001ce47700d30 Exception <a 'sun/nio/fs/WindowsException'{0x000000008d06aff8}> (0x000000008d06aff8) 
thrown [s\src\hotspot\share\prims\jni.cpp, line 517]
Event: 46.976 Thread 0x000001ce47700d30 Exception <a 'sun/nio/fs/WindowsException'{0x000000008d06b368}> (0x000000008d06b368) 
thrown [s\src\hotspot\share\prims\jni.cpp, line 517]
Event: 46.977 Thread 0x000001ce47700d30 Exception <a 'sun/nio/fs/WindowsException'{0x000000008d07aed8}> (0x000000008d07aed8) 
thrown [s\src\hotspot\share\prims\jni.cpp, line 517]
Event: 46.977 Thread 0x000001ce47700d30 Exception <a 'sun/nio/fs/WindowsException'{0x000000008d07b280}> (0x000000008d07b280) 
thrown [s\src\hotspot\share\prims\jni.cpp, line 517]
Event: 46.978 Thread 0x000001ce47700d30 Exception <a 'sun/nio/fs/WindowsException'{0x000000008d099c38}> (0x000000008d099c38) 
thrown [s\src\hotspot\share\prims\jni.cpp, line 517]
Event: 46.978 Thread 0x000001ce47700d30 Exception <a 'sun/nio/fs/WindowsException'{0x000000008d09a058}> (0x000000008d09a058) 
thrown [s\src\hotspot\share\prims\jni.cpp, line 517]
Event: 47.023 Thread 0x000001ce47700d30 Exception <a 'sun/nio/fs/WindowsException'{0x000000008d0e5460}> (0x000000008d0e5460) 
thrown [s\src\hotspot\share\prims\jni.cpp, line 517]

VM Operations (20 events):
Event: 40.965 Executing VM operation: G1CollectForAllocation
Event: 41.245 Executing VM operation: G1CollectForAllocation done
Event: 42.259 Executing VM operation: Cleanup
Event: 42.259 Executing VM operation: Cleanup done
Event: 43.265 Executing VM operation: Cleanup
Event: 43.265 Executing VM operation: Cleanup done
Event: 43.578 Executing VM operation: HandshakeAllThreads
Event: 43.579 Executing VM operation: HandshakeAllThreads done
Event: 43.635 Executing VM operation: HandshakeAllThreads
Event: 43.635 Executing VM operation: HandshakeAllThreads done
Event: 43.774 Executing VM operation: HandshakeAllThreads
Event: 43.774 Executing VM operation: HandshakeAllThreads done
Event: 44.662 Executing VM operation: G1CollectForAllocation
Event: 44.676 Executing VM operation: G1CollectForAllocation done
Event: 45.692 Executing VM operation: Cleanup
Event: 45.692 Executing VM operation: Cleanup done
Event: 46.703 Executing VM operation: Cleanup
Event: 46.720 Executing VM operation: Cleanup done
Event: 46.841 Executing VM operation: G1CollectForAllocation
Event: 46.861 Executing VM operation: G1CollectForAllocation done

Events (20 events):
Event: 43.659 loading class java/util/JumboEnumSet$EnumSetIterator done
Event: 43.666 loading class java/util/ResourceBundle$KeyElementReference
Event: 43.666 loading class java/util/ResourceBundle$CacheKeyReference
Event: 43.666 loading class java/util/ResourceBundle$CacheKeyReference done
Event: 43.666 loading class java/util/ResourceBundle$KeyElementReference done
Event: 43.666 loading class java/util/ResourceBundle$3
Event: 43.667 loading class java/util/ResourceBundle$3 done
Event: 43.707 loading class java/util/ResourceBundle$BundleReference
Event: 43.707 loading class java/util/ResourceBundle$BundleReference done
Event: 43.785 loading class java/util/ServiceLoader$ProviderSpliterator
Event: 43.785 loading class java/util/ServiceLoader$ProviderSpliterator done
Event: 45.210 Thread 0x000001ce47c76460 Thread added: 0x000001ce47c76460
Event: 45.942 Thread 0x000001ce47c76460 Thread exited: 0x000001ce47c76460
Event: 46.348 loading class java/util/ImmutableCollections$Access
Event: 46.348 loading class java/util/ImmutableCollections$Access done
Event: 46.348 loading class java/util/ImmutableCollections$Access$1
Event: 46.348 loading class jdk/internal/access/JavaUtilCollectionAccess
Event: 46.348 loading class jdk/internal/access/JavaUtilCollectionAccess done
Event: 46.348 loading class java/util/ImmutableCollections$Access$1 done
Event: 46.434 Thread 0x000001ce47c76460 Thread added: 0x000001ce47c76460


Dynamic libraries:
0x00007ff6667f0000 - 0x00007ff6667fa000 	C:\Program Files\Android\Android Studio\jbr\bin\java.exe
0x00007ffd15440000 - 0x00007ffd15649000 	C:\Windows\SYSTEM32\ntdll.dll
0x00007ffd13860000 - 0x00007ffd1391d000 	C:\Windows\System32\KERNEL32.DLL
0x00007ffd12a00000 - 0x00007ffd12d84000 	C:\Windows\System32\KERNELBASE.dll
0x00007ffd130c0000 - 0x00007ffd131d1000 	C:\Windows\System32\ucrtbase.dll
0x00007ffd02cf0000 - 0x00007ffd02d07000 	C:\Program Files\Android\Android Studio\jbr\bin\jli.dll
0x00007ffd13f20000 - 0x00007ffd140cd000 	C:\Windows\System32\USER32.dll
0x00007ffd131e0000 - 0x00007ffd13206000 	C:\Windows\System32\win32u.dll
0x00007ffd15250000 - 0x00007ffd1527a000 	C:\Windows\System32\GDI32.dll
0x00007ffd12e30000 - 0x00007ffd12f4e000 	C:\Windows\System32\gdi32full.dll
0x00007ffd12d90000 - 0x00007ffd12e2d000 	C:\Windows\System32\msvcp_win.dll
0x00007ffd00e40000 - 0x00007ffd00e5b000 	C:\Program Files\Android\Android Studio\jbr\bin\VCRUNTIME140.dll
0x00007ffd013b0000 - 0x00007ffd01655000 	C:\Windows\WinSxS\amd64_microsoft.windows.common-controls_6595b64144ccf1df_6.0.22000.120_none_9d947278b86cc467\COMCTL32.dll
0x00007ffd140d0000 - 0x00007ffd14173000 	C:\Windows\System32\msvcrt.dll
0x00007ffd14d20000 - 0x00007ffd14d51000 	C:\Windows\System32\IMM32.DLL
0x00007ffd02e00000 - 0x00007ffd02e0c000 	C:\Program Files\Android\Android Studio\jbr\bin\vcruntime140_1.dll
0x00007ffce9190000 - 0x00007ffce921d000 	C:\Program Files\Android\Android Studio\jbr\bin\msvcp140.dll
0x00007ffccf280000 - 0x00007ffccfeee000 	C:\Program Files\Android\Android Studio\jbr\bin\server\jvm.dll
0x00007ffd13290000 - 0x00007ffd1333e000 	C:\Windows\System32\ADVAPI32.dll
0x00007ffd150e0000 - 0x00007ffd1517e000 	C:\Windows\System32\sechost.dll
0x00007ffd14fb0000 - 0x00007ffd150d1000 	C:\Windows\System32\RPCRT4.dll
0x00007ffcfab30000 - 0x00007ffcfab39000 	C:\Windows\SYSTEM32\WSOCK32.dll
0x00007ffd137f0000 - 0x00007ffd1385f000 	C:\Windows\System32\WS2_32.dll
0x00007ffd0d200000 - 0x00007ffd0d233000 	C:\Windows\SYSTEM32\WINMM.dll
0x00007ffd0b870000 - 0x00007ffd0b87a000 	C:\Windows\SYSTEM32\VERSION.dll
0x00007ffd11940000 - 0x00007ffd11958000 	C:\Windows\SYSTEM32\kernel.appcore.dll
0x00007ffd0f3c0000 - 0x00007ffd0f3ca000 	C:\Program Files\Android\Android Studio\jbr\bin\jimage.dll
0x00007ffd0f7d0000 - 0x00007ffd0f9f1000 	C:\Windows\SYSTEM32\DBGHELP.DLL
0x00007ffcfa4c0000 - 0x00007ffcfa4f1000 	C:\Windows\SYSTEM32\dbgcore.DLL
0x00007ffd13210000 - 0x00007ffd1328f000 	C:\Windows\System32\bcryptPrimitives.dll
0x00007ffd02e10000 - 0x00007ffd02e35000 	C:\Program Files\Android\Android Studio\jbr\bin\java.dll
0x00007ffd0ac40000 - 0x00007ffd0ac58000 	C:\Program Files\Android\Android Studio\jbr\bin\zip.dll
0x00007ffd14270000 - 0x00007ffd14a35000 	C:\Windows\System32\SHELL32.dll
0x00007ffd109a0000 - 0x00007ffd11202000 	C:\Windows\SYSTEM32\windows.storage.dll
0x00007ffd13a00000 - 0x00007ffd13d76000 	C:\Windows\System32\combase.dll
0x00007ffd10830000 - 0x00007ffd10997000 	C:\Windows\SYSTEM32\wintypes.dll
0x00007ffd15310000 - 0x00007ffd153fa000 	C:\Windows\System32\SHCORE.dll
0x00007ffd151f0000 - 0x00007ffd1524d000 	C:\Windows\System32\shlwapi.dll
0x00007ffd12800000 - 0x00007ffd12825000 	C:\Windows\SYSTEM32\profapi.dll
0x00007ffd03100000 - 0x00007ffd03119000 	C:\Program Files\Android\Android Studio\jbr\bin\net.dll
0x00007ffd0b750000 - 0x00007ffd0b864000 	C:\Windows\SYSTEM32\WINHTTP.dll
0x00007ffd11df0000 - 0x00007ffd11e57000 	C:\Windows\system32\mswsock.dll
0x00007ffd02d50000 - 0x00007ffd02d66000 	C:\Program Files\Android\Android Studio\jbr\bin\nio.dll
0x00007ffd0f3b0000 - 0x00007ffd0f3c0000 	C:\Program Files\Android\Android Studio\jbr\bin\verify.dll
0x00007ffd03130000 - 0x00007ffd03157000 	C:\Users\user\Desktop\Java\FindTrails\app\native\68d5fa5c4cc2d200863cafc0d521ce42e7d3e7ee720ec0a83991735586a16f82\windows-amd64\native-platform.dll
0x00007ffcda1f0000 - 0x00007ffcda334000 	C:\Users\user\Desktop\Java\FindTrails\app\native\e376f236ea51e6404a007f0833ffe2c6e607c4080706a723a18a27aeea778392\windows-amd64\native-platform-file-events.dll
0x00007ffd0e800000 - 0x00007ffd0e809000 	C:\Program Files\Android\Android Studio\jbr\bin\management.dll
0x00007ffd0d240000 - 0x00007ffd0d24b000 	C:\Program Files\Android\Android Studio\jbr\bin\management_ext.dll
0x00007ffd13340000 - 0x00007ffd13348000 	C:\Windows\System32\PSAPI.DLL
0x00007ffd12030000 - 0x00007ffd12048000 	C:\Windows\SYSTEM32\CRYPTSP.dll
0x00007ffd118a0000 - 0x00007ffd118d5000 	C:\Windows\system32\rsaenh.dll
0x00007ffd11ee0000 - 0x00007ffd11f0c000 	C:\Windows\SYSTEM32\USERENV.dll
0x00007ffd12220000 - 0x00007ffd12247000 	C:\Windows\SYSTEM32\bcrypt.dll
0x00007ffd12050000 - 0x00007ffd1205c000 	C:\Windows\SYSTEM32\CRYPTBASE.dll
0x00007ffd11460000 - 0x00007ffd1148d000 	C:\Windows\SYSTEM32\IPHLPAPI.DLL
0x00007ffd14aa0000 - 0x00007ffd14aa9000 	C:\Windows\System32\NSI.dll
0x00007ffd0bb10000 - 0x00007ffd0bb29000 	C:\Windows\SYSTEM32\dhcpcsvc6.DLL
0x00007ffd0c640000 - 0x00007ffd0c65e000 	C:\Windows\SYSTEM32\dhcpcsvc.DLL
0x00007ffd114d0000 - 0x00007ffd115b7000 	C:\Windows\SYSTEM32\DNSAPI.dll
0x00007ffceb7e0000 - 0x00007ffceb7e8000 	C:\Windows\system32\wshunix.dll
0x00007ffd04300000 - 0x00007ffd0430a000 	C:\Windows\System32\rasadhlp.dll
0x00007ffd09740000 - 0x00007ffd097c2000 	C:\Windows\System32\fwpuclnt.dll

dbghelp: loaded successfully - version: 4.0.5 - missing functions: none
symbol engine: initialized successfully - sym options: 0x614 - pdb path: .;C:\Program Files\Android\Android Studio\jbr\bin;C:\Windows\SYSTEM32;C:\Windows\WinSxS\amd64_microsoft.windows.common-controls_6595b64144ccf1df_6.0.22000.120_none_9d947278b86cc467;C:\Program Files\Android\Android Studio\jbr\bin\server;C:\Users\user\Desktop\Java\FindTrails\app\native\68d5fa5c4cc2d200863cafc0d521ce42e7d3e7ee720ec0a83991735586a16f82\windows-amd64;C:\Users\user\Desktop\Java\FindTrails\app\native\e376f236ea51e6404a007f0833ffe2c6e607c4080706a723a18a27aeea778392\windows-amd64

VM Arguments:
jvm_args: --add-opens=java.base/java.util=ALL-UNNAMED --add-opens=java.base/java.lang=ALL-UNNAMED --add-opens=java.base/java.lang.invoke=ALL-UNNAMED --add-opens=java.prefs/java.util.prefs=ALL-UNNAMED --add-opens=java.base/java.nio.charset=ALL-UNNAMED --add-opens=java.base/java.net=ALL-UNNAMED --add-opens=java.base/java.util.concurrent.atomic=ALL-UNNAMED -Xmx2048m -Dfile.encoding=UTF-8 -Duser.country=US -Duser.language=en -Duser.variant 
java_command: org.gradle.launcher.daemon.bootstrap.GradleDaemon 8.0
java_class_path (initial): C:\Users\user\Desktop\Java\FindTrails\app\wrapper\dists\gradle-8.0-bin\ca5e32bp14vu59qr306oxotwh\gradle-8.0\lib\gradle-launcher-8.0.jar
Launcher Type: SUN_STANDARD

[Global flags]
     intx CICompilerCount                          = 3                                         {product} {ergonomic}
     uint ConcGCThreads                            = 1                                         {product} {ergonomic}
     uint G1ConcRefinementThreads                  = 4                                         {product} {ergonomic}
   size_t G1HeapRegionSize                         = 1048576                                   {product} {ergonomic}
    uintx GCDrainStackTargetSize                   = 64                                        {product} {ergonomic}
   size_t InitialHeapSize                          = 268435456                                 {product} {ergonomic}
   size_t MarkStackSize                            = 4194304                                   {product} {ergonomic}
   size_t MaxHeapSize                              = 2147483648                                {product} {command line}
   size_t MaxNewSize                               = 1287651328                                {product} {ergonomic}
   size_t MinHeapDeltaBytes                        = 1048576                                   {product} {ergonomic}
   size_t MinHeapSize                              = 8388608                                   {product} {ergonomic}
    uintx NonNMethodCodeHeapSize                   = 5832780                                {pd product} {ergonomic}
    uintx NonProfiledCodeHeapSize                  = 122912730                              {pd product} {ergonomic}
    uintx ProfiledCodeHeapSize                     = 122912730                              {pd product} {ergonomic}
    uintx ReservedCodeCacheSize                    = 251658240                              {pd product} {ergonomic}
     bool SegmentedCodeCache                       = true                                      {product} {ergonomic}
   size_t SoftMaxHeapSize                          = 2147483648                             {manageable} {ergonomic}
     bool UseCompressedClassPointers               = true                           {product lp64_product} {ergonomic}
     bool UseCompressedOops                        = true                           {product lp64_product} {ergonomic}
     bool UseG1GC                                  = true                                      {product} {ergonomic}
     bool UseLargePagesIndividualAllocation        = false                                  {pd product} {ergonomic}

Logging:
Log output configuration:
 #0: stdout all=warning uptime,level,tags
 #1: stderr all=off uptime,level,tags

Environment Variables:
JAVA_HOME=C:\Program Files\Java\jdk-11.0.17
PATH=C:\Python311\Scripts\;C:\Python311\;C:\Program Files\Common Files\Oracle\Java\javapath;C:\Windows\system32;C:\Windows;C:\Windows\System32\Wbem;C:\Windows\System32\WindowsPowerShell\v1.0\;C:\Windows\System32\OpenSSH\;C:\Program Files\dotnet\;C:\Program Files\Cloudflare\Cloudflare WARP\;C:\Program Files\nodejs\;C:\ProgramData\chocolatey\bin;C:\xampp\php;C:\composer;C:\Program Files\Git\cmd;C:\Users\user\AppData\Local\Android\Sdk\platform-tools;C:\Program Files\Java\jdk-11.0.17\bin;C:\Users\user\AppData\Local\Microsoft\WindowsApps;C:\Users\user\AppData\Roaming\npm;C:\Users\user\AppData\Local\Programs\Microsoft VS Code\bin;C:\Users\user\AppData\Roaming\Composer\vendor\bin;C:\Program Files\Java\jdk-11.0.17
USERNAME=user
OS=Windows_NT
PROCESSOR_IDENTIFIER=Intel64 Family 6 Model 142 Stepping 9, GenuineIntel
TMP=C:\Users\user\AppData\Local\Temp
TEMP=C:\Users\user\AppData\Local\Temp


JNI global refs:
JNI global refs: 27, weak refs: 6

JNI global refs memory usage: 843, weak refs: 841


---------------  S Y S T E M  ---------------

OS:
 Windows 11 , 64 bit Build 22000 (10.0.22000.2360)
OS uptime: 2 days 22:43 hours

CPU: total 4 (initial active 4) (2 cores per cpu, 2 threads per core) family 6 model 142 stepping 9 microcode 0xf0, cx8, cmov, fxsr, ht, mmx, 3dnowpref, sse, sse2, sse3, ssse3, sse4.1, sse4.2, popcnt, lzcnt, tsc, tscinvbit, avx, avx2, aes, erms, clmul, bmi1, bmi2, adx, fma, vzeroupper, clflush, clflushopt

Memory: 4k page, system-wide physical 16278M (974M free)
TotalPageFile size 31452M (AvailPageFile size 5M)
current process WorkingSet (physical memory assigned to process): 413M, peak: 415M
current process commit charge ("private bytes"): 437M, peak: 439M

vm_info: OpenJDK 64-Bit Server VM (17.0.6+0-b2043.56-10027231) for windows-amd64 JRE (17.0.6+0-b2043.56-10027231), built on Apr 28 2023 00:43:19 by "androidbuild" with MS VC++ 16.10 / 16.11 (VS2019)

END.
